<?xml version="1.0" encoding="UTF-8"?>
<!-- Generated by org.testng.reporters.JUnitReportReporter -->
<testsuite hostname="APPLEs-MacBook-Pro.local" failures="0" tests="3" name="com.sample.modules.HomePage" time="50.784" errors="0" timestamp="2024-01-11T07:19:45 IST" skipped="0">
  <testcase classname="com.sample.modules.HomePage" name="vaerifyCountryCurrencyWidget" time="5.992"/>
  <system-out>
    <![CDATA[<br></br>Step :: Varify mmt country & currency selection section present.
<br></br>Step :: Click on mmt country & currency selection section present.
<br></br>Normal
<br></br>Step :: Select country USA from dropdown.
<br></br>Normal
<br></br>Normal
<br></br>Step :: Click on apply button.
<br></br>Normal
<br></br>Step :: Verify language english annd currency USD selected.
<br></br>PASS : vaerifyCountryCurrencyWidget]]>
  </system-out>
  <testcase classname="com.sample.modules.HomePage" name="vaerifyAllHeaderSectionsPresent" time="6.730"/>
  <system-out>
    <![CDATA[<br></br>Step :: Varify mmt logo present.
<br></br>Step :: Varify mmt login section present.
<br></br>Step :: Varify mmt country & currency selection dropdown present.
<br></br>Step :: Varify mmt search section present.
<br></br>PASS : vaerifyAllHeaderSectionsPresent]]>
  </system-out>
  <testcase classname="com.sample.modules.HomePage" name="verifySearchFlight" time="38.062"/>
  <system-out>
    <![CDATA[<br></br>Step :: Click on flights logo.
<br></br>Normal
<br></br>Step :: Click on round trip radio button.
<br></br>Normal
<br></br>Step :: Enter ahmedabad in from textbox.
<br></br>Normal
<br></br>Step :: Enter singapre in to textbox.
<br></br>Normal
<br></br>Step :: Select  departure date from opend calander.
<br></br>(//div[@class='DayPicker-Day'][@aria-disabled='false'])[32]
<br></br>Step :: Select  return date from opend calander.
<br></br>Step :: Click on select travellers.
<br></br>Normal
<br></br>Step :: Select 2 adults
<br></br>Step :: Click on apply button.
<br></br>Normal
<br></br>Step :: Click on search button.
<br></br>Normal
<br></br>Step :: Verify all flights shows from and to city as per selection while search.
<br></br>PASS : verifySearchFlight]]>
  </system-out>
</testsuite> <!-- com.sample.modules.HomePage -->
