<?xml version="1.0" encoding="UTF-8"?>
<!-- Generated by org.testng.reporters.JUnitReportReporter -->
<testsuite hostname="APPLEs-MacBook-Pro.local" failures="0" tests="3" name="com.sample.modules.OfferPage" time="20.930" errors="0" timestamp="2024-01-11T07:18:48 IST" skipped="0">
  <testcase classname="com.sample.modules.OfferPage" name="verifyOfferPageTrendingICICIFilter" time="6.958"/>
  <system-out>
    <![CDATA[<br></br>Step :: Click oon super offer tab in header.
<br></br>Normal
<br></br>Step :: Verify offer page opend.
<br></br>Step :: Click on trending radio button.
<br></br>Step :: Click on icici checkbox.
<br></br>Step :: Verify all offers have icici bank logo with terms and conditions.
<br></br>PASS : verifyOfferPageTrendingICICIFilter]]>
  </system-out>
  <testcase classname="com.sample.modules.OfferPage" name="verifyOfferPageHotelAxisFilter" time="7.994"/>
  <system-out>
    <![CDATA[<br></br>Step :: Click oon super offer tab in header.
<br></br>Normal
<br></br>Step :: Verify offer page opend.
<br></br>Step :: Click on hotels radio button.
<br></br>Step :: Click on axis checkbox.
<br></br>Step :: Verify all offers have axis bank logo with terms and conditions.
<br></br>PASS : verifyOfferPageHotelAxisFilter]]>
  </system-out>
  <testcase classname="com.sample.modules.OfferPage" name="verifyOfferPageFllightsHDFCFilter" time="5.978"/>
  <system-out>
    <![CDATA[<br></br>Step :: Click oon super offer tab in header.
<br></br>Normal
<br></br>Step :: Verify offer page opend.
<br></br>Step :: Click on flights radio button.
<br></br>Step :: Click on hdfc checkbox.
<br></br>Step :: Verify all offers have hdfc bank logo with terms and conditions.
<br></br>PASS : verifyOfferPageFllightsHDFCFilter]]>
  </system-out>
</testsuite> <!-- com.sample.modules.OfferPage -->
